# JRE version: Java(TM) SE Runtime Environment (8.0_161-b12) (build 1.8.0_161-b12)
# Java VM: Java HotSpot(TM) 64-Bit Server VM (25.161-b12 mixed mode windows-amd64 compressed oops)
Heap:
 PSYoungGen      total 233472K, used 81369K [0x00000000d5f00000, 0x00000000e5e00000, 0x0000000100000000)
  eden space 215040K, 29% used [0x00000000d5f00000,0x00000000d9c76800,0x00000000e3100000)
  from space 18432K, 99% used [0x00000000e4b80000,0x00000000e5d7fd58,0x00000000e5d80000)
  to   space 23040K, 0% used [0x00000000e3100000,0x00000000e3100000,0x00000000e4780000)
 ParOldGen       total 62464K, used 25477K [0x0000000081c00000, 0x0000000085900000, 0x00000000d5f00000)
  object space 62464K, 40% used [0x0000000081c00000,0x00000000834e1790,0x0000000085900000)
 Metaspace       used 25011K, capacity 25588K, committed 25728K, reserved 1071104K
  class space    used 2971K, capacity 3191K, committed 3200K, reserved 1048576K
GC Heap History (10 events):
Event: 9.855 GC heap before
{Heap before GC invocations=5 (full 0):
 PSYoungGen      total 71680K, used 71648K [0x00000000d5f00000, 0x00000000daa00000, 0x0000000100000000)
  eden space 66560K, 100% used [0x00000000d5f00000,0x00000000da000000,0x00000000da000000)
  from space 5120K, 99% used [0x00000000da500000,0x00000000da9f8040,0x00000000daa00000)
  to   space 5120K, 0% used [0x00000000da000000,0x00000000da000000,0x00000000da500000)
 ParOldGen       total 87552K, used 8962K [0x0000000081c00000, 0x0000000087180000, 0x00000000d5f00000)
  object space 87552K, 10% used [0x0000000081c00000,0x00000000824c0838,0x0000000087180000)
 Metaspace       used 19038K, capacity 19488K, committed 19712K, reserved 1067008K
  class space    used 2294K, capacity 2456K, committed 2560K, reserved 1048576K
Event: 9.882 GC heap after
Heap after GC invocations=5 (full 0):
 PSYoungGen      total 71680K, used 5120K [0x00000000d5f00000, 0x00000000df900000, 0x0000000100000000)
  eden space 66560K, 0% used [0x00000000d5f00000,0x00000000d5f00000,0x00000000da000000)
  from space 5120K, 100% used [0x00000000da000000,0x00000000da500000,0x00000000da500000)
  to   space 12288K, 0% used [0x00000000ded00000,0x00000000ded00000,0x00000000df900000)
 ParOldGen       total 87552K, used 14862K [0x0000000081c00000, 0x0000000087180000, 0x00000000d5f00000)
  object space 87552K, 16% used [0x0000000081c00000,0x0000000082a83900,0x0000000087180000)
 Metaspace       used 19038K, capacity 19488K, committed 19712K, reserved 1067008K
  class space    used 2294K, capacity 2456K, committed 2560K, reserved 1048576K
}
Event: 10.132 GC heap before
{Heap before GC invocations=6 (full 0):
 PSYoungGen      total 71680K, used 11175K [0x00000000d5f00000, 0x00000000df900000, 0x0000000100000000)
  eden space 66560K, 9% used [0x00000000d5f00000,0x00000000d64e9ed8,0x00000000da000000)
  from space 5120K, 100% used [0x00000000da000000,0x00000000da500000,0x00000000da500000)
  to   space 12288K, 0% used [0x00000000ded00000,0x00000000ded00000,0x00000000df900000)
 ParOldGen       total 87552K, used 14862K [0x0000000081c00000, 0x0000000087180000, 0x00000000d5f00000)
  object space 87552K, 16% used [0x0000000081c00000,0x0000000082a83900,0x0000000087180000)
 Metaspace       used 20682K, capacity 21152K, committed 21296K, reserved 1069056K
  class space    used 2492K, capacity 2648K, committed 2688K, reserved 1048576K
Event: 10.152 GC heap after
Heap after GC invocations=6 (full 0):
 PSYoungGen      total 145408K, used 6036K [0x00000000d5f00000, 0x00000000df900000, 0x0000000100000000)
  eden space 133120K, 0% used [0x00000000d5f00000,0x00000000d5f00000,0x00000000de100000)
  from space 12288K, 49% used [0x00000000ded00000,0x00000000df2e5140,0x00000000df900000)
  to   space 12288K, 0% used [0x00000000de100000,0x00000000de100000,0x00000000ded00000)
 ParOldGen       total 87552K, used 14870K [0x0000000081c00000, 0x0000000087180000, 0x00000000d5f00000)
  object space 87552K, 16% used [0x0000000081c00000,0x0000000082a85900,0x0000000087180000)
 Metaspace       used 20682K, capacity 21152K, committed 21296K, reserved 1069056K
  class space    used 2492K, capacity 2648K, committed 2688K, reserved 1048576K
}
Event: 10.152 GC heap before
{Heap before GC invocations=7 (full 1):
 PSYoungGen      total 145408K, used 6036K [0x00000000d5f00000, 0x00000000df900000, 0x0000000100000000)
  eden space 133120K, 0% used [0x00000000d5f00000,0x00000000d5f00000,0x00000000de100000)
  from space 12288K, 49% used [0x00000000ded00000,0x00000000df2e5140,0x00000000df900000)
  to   space 12288K, 0% used [0x00000000de100000,0x00000000de100000,0x00000000ded00000)
 ParOldGen       total 87552K, used 14870K [0x0000000081c00000, 0x0000000087180000, 0x00000000d5f00000)
  object space 87552K, 16% used [0x0000000081c00000,0x0000000082a85900,0x0000000087180000)
 Metaspace       used 20682K, capacity 21152K, committed 21296K, reserved 1069056K
  class space    used 2492K, capacity 2648K, committed 2688K, reserved 1048576K
Event: 10.265 GC heap after
Heap after GC invocations=7 (full 1):
 PSYoungGen      total 145408K, used 0K [0x00000000d5f00000, 0x00000000df900000, 0x0000000100000000)
  eden space 133120K, 0% used [0x00000000d5f00000,0x00000000d5f00000,0x00000000de100000)
  from space 12288K, 0% used [0x00000000ded00000,0x00000000ded00000,0x00000000df900000)
  to   space 12288K, 0% used [0x00000000de100000,0x00000000de100000,0x00000000ded00000)
 ParOldGen       total 62464K, used 12177K [0x0000000081c00000, 0x0000000085900000, 0x00000000d5f00000)
  object space 62464K, 19% used [0x0000000081c00000,0x00000000827e4670,0x0000000085900000)
 Metaspace       used 20682K, capacity 21152K, committed 21296K, reserved 1069056K
  class space    used 2492K, capacity 2648K, committed 2688K, reserved 1048576K
}
Event: 12.659 GC heap before
{Heap before GC invocations=8 (full 1):
 PSYoungGen      total 145408K, used 133120K [0x00000000d5f00000, 0x00000000df900000, 0x0000000100000000)
  eden space 133120K, 100% used [0x00000000d5f00000,0x00000000de100000,0x00000000de100000)
  from space 12288K, 0% used [0x00000000ded00000,0x00000000ded00000,0x00000000df900000)
  to   space 12288K, 0% used [0x00000000de100000,0x00000000de100000,0x00000000ded00000)
 ParOldGen       total 62464K, used 12177K [0x0000000081c00000, 0x0000000085900000, 0x00000000d5f00000)
  object space 62464K, 19% used [0x0000000081c00000,0x00000000827e4670,0x0000000085900000)
 Metaspace       used 23019K, capacity 23582K, committed 23680K, reserved 1071104K
  class space    used 2741K, capacity 2925K, committed 2944K, reserved 1048576K
Event: 12.685 GC heap after
Heap after GC invocations=8 (full 1):
 PSYoungGen      total 145408K, used 12270K [0x00000000d5f00000, 0x00000000e5d80000, 0x0000000100000000)
  eden space 133120K, 0% used [0x00000000d5f00000,0x00000000d5f00000,0x00000000de100000)
  from space 12288K, 99% used [0x00000000de100000,0x00000000decfbb78,0x00000000ded00000)
  to   space 18432K, 0% used [0x00000000e4b80000,0x00000000e4b80000,0x00000000e5d80000)
 ParOldGen       total 62464K, used 21187K [0x0000000081c00000, 0x0000000085900000, 0x00000000d5f00000)
  object space 62464K, 33% used [0x0000000081c00000,0x00000000830b0c68,0x0000000085900000)
 Metaspace       used 23019K, capacity 23582K, committed 23680K, reserved 1071104K
  class space    used 2741K, capacity 2925K, committed 2944K, reserved 1048576K
}
Event: 754.109 GC heap before
{Heap before GC invocations=9 (full 1):
 PSYoungGen      total 145408K, used 145390K [0x00000000d5f00000, 0x00000000e5d80000, 0x0000000100000000)
  eden space 133120K, 100% used [0x00000000d5f00000,0x00000000de100000,0x00000000de100000)
  from space 12288K, 99% used [0x00000000de100000,0x00000000decfbb78,0x00000000ded00000)
  to   space 18432K, 0% used [0x00000000e4b80000,0x00000000e4b80000,0x00000000e5d80000)
 ParOldGen       total 62464K, used 21187K [0x0000000081c00000, 0x0000000085900000, 0x00000000d5f00000)
  object space 62464K, 33% used [0x0000000081c00000,0x00000000830b0c68,0x0000000085900000)
 Metaspace       used 25009K, capacity 25588K, committed 25728K, reserved 1071104K
  class space    used 2971K, capacity 3191K, committed 3200K, reserved 1048576K
Event: 754.143 GC heap after
Heap after GC invocations=9 (full 1):
 PSYoungGen      total 233472K, used 18431K [0x00000000d5f00000, 0x00000000e5e00000, 0x0000000100000000)
  eden space 215040K, 0% used [0x00000000d5f00000,0x00000000d5f00000,0x00000000e3100000)
  from space 18432K, 99% used [0x00000000e4b80000,0x00000000e5d7fd58,0x00000000e5d80000)
  to   space 23040K, 0% used [0x00000000e3100000,0x00000000e3100000,0x00000000e4780000)
 ParOldGen       total 62464K, used 25477K [0x0000000081c00000, 0x0000000085900000, 0x00000000d5f00000)
  object space 62464K, 40% used [0x0000000081c00000,0x00000000834e1790,0x0000000085900000)
 Metaspace       used 25009K, capacity 25588K, committed 25728K, reserved 1071104K
  class space    used 2971K, capacity 3191K, committed 3200K, reserved 1048576K
}

